client/android/app/build/intermediates/manifest_merge_blame_file/debug/manifest-merger-blame-debug-report.txt
1<?xml version="1.0" encoding="utf-8"?>
2<manifest xmlns:android="http://schemas.android.com/apk/res/android"
3    package="com.memestar"
4    android:versionCode="1"
5    android:versionName="1.0" >
6
7    <uses-sdk
8        android:minSdkVersion="21"
9        android:targetSdkVersion="34" />
10
11    <uses-permission android:name="android.permission.INTERNET" />
11-->src/main/AndroidManifest.xml:3:5-67
11-->src/main/AndroidManifest.xml:3:22-64
12    <uses-permission android:name="android.permission.WRITE_EXTERNAL_STORAGE" />
12-->src/main/AndroidManifest.xml:4:5-81
12-->src/main/AndroidManifest.xml:4:22-78
13    <uses-permission android:name="android.permission.READ_EXTERNAL_STORAGE" />
14    <!--
15    This manifest file is used only by Gradle to configure debug-only capabilities
16    for React Native Apps.
17    -->
18    <uses-permission android:name="android.permission.SYSTEM_ALERT_WINDOW" />
18-->[com.facebook.react:react-android:0.73.1] AndroidManifest.xml:16:5-78
18-->[com.facebook.react:react-android:0.73.1] AndroidManifest.xml:16:22-75
19    <uses-permission android:name="android.permission.ACCESS_WIFI_STATE" />
19-->[com.facebook.flipper:flipper:0.201.0] AndroidManifest.xml:14:5-76
19-->[com.facebook.flipper:flipper:0.201.0] AndroidManifest.xml:14:22-73
20
21    <permission
21-->[androidx.core:core:1.9.0] AndroidManifest.xml:22:5-24:47
22        android:name="com.memestar.DYNAMIC_RECEIVER_NOT_EXPORTED_PERMISSION"
22-->[androidx.core:core:1.9.0] AndroidManifest.xml:23:9-81
23        android:protectionLevel="signature" />
23-->[androidx.core:core:1.9.0] AndroidManifest.xml:24:9-44
24
25    <uses-permission android:name="com.memestar.DYNAMIC_RECEIVER_NOT_EXPORTED_PERMISSION" />
25-->[androidx.core:core:1.9.0] AndroidManifest.xml:26:5-97
25-->[androidx.core:core:1.9.0] AndroidManifest.xml:26:22-94
26
27    <application
27-->src/main/AndroidManifest.xml:6:5-25:19
28        android:name="com.memestar.MainApplication"
28-->src/main/AndroidManifest.xml:7:7-38
29        android:allowBackup="false"
29-->src/main/AndroidManifest.xml:11:7-34
30        android:appComponentFactory="androidx.core.app.CoreComponentFactory"
30-->[androidx.core:core:1.9.0] AndroidManifest.xml:28:18-86
31        android:debuggable="true"
32        android:extractNativeLibs="true"
33        android:icon="@mipmap/ic_launcher"
33-->src/main/AndroidManifest.xml:9:7-41
34        android:label="@string/app_name"
34-->src/main/AndroidManifest.xml:8:7-39
35        android:roundIcon="@mipmap/ic_launcher_round"
35-->src/main/AndroidManifest.xml:10:7-52
36        android:testOnly="true"
37        android:theme="@style/AppTheme"
37-->src/main/AndroidManifest.xml:12:7-38
38        android:usesCleartextTraffic="true" >
38-->src/debug/AndroidManifest.xml:6:9-44
39        <activity
39-->src/main/AndroidManifest.xml:13:7-24:18
40            android:name="com.memestar.MainActivity"
40-->src/main/AndroidManifest.xml:14:9-37
41            android:configChanges="keyboard|keyboardHidden|orientation|screenLayout|screenSize|smallestScreenSize|uiMode"
41-->src/main/AndroidManifest.xml:16:9-118
42            android:exported="true"
42-->src/main/AndroidManifest.xml:19:9-32
43            android:label="@string/app_name"
43-->src/main/AndroidManifest.xml:15:9-41
44            android:launchMode="singleTask"
44-->src/main/AndroidManifest.xml:17:9-40
45            android:windowSoftInputMode="adjustResize" >
45-->src/main/AndroidManifest.xml:18:9-51
46            <intent-filter>
46-->src/main/AndroidManifest.xml:20:9-23:25
47                <action android:name="android.intent.action.MAIN" />
47-->src/main/AndroidManifest.xml:21:13-65
47-->src/main/AndroidManifest.xml:21:21-62
48
49                <category android:name="android.intent.category.LAUNCHER" />
49-->src/main/AndroidManifest.xml:22:13-73
49-->src/main/AndroidManifest.xml:22:23-70
50            </intent-filter>
51        </activity>
52
53        <provider
53-->[:react-native-image-picker] AndroidManifest.xml:8:9-16:20
54            android:name="com.imagepicker.ImagePickerProvider"
54-->[:react-native-image-picker] AndroidManifest.xml:9:13-63
55            android:authorities="com.memestar.imagepickerprovider"
55-->[:react-native-image-picker] AndroidManifest.xml:10:13-71
56            android:exported="false"
56-->[:react-native-image-picker] AndroidManifest.xml:11:13-37
57            android:grantUriPermissions="true" >
57-->[:react-native-image-picker] AndroidManifest.xml:12:13-47
58            <meta-data
58-->[:react-native-image-picker] AndroidManifest.xml:13:13-15:70
59                android:name="android.support.FILE_PROVIDER_PATHS"
59-->[:react-native-image-picker] AndroidManifest.xml:14:17-67
60                android:resource="@xml/imagepicker_provider_paths" />
60-->[:react-native-image-picker] AndroidManifest.xml:15:17-67
61        </provider>
62        <provider
62-->[:react-native-share] AndroidManifest.xml:8:9-16:20
63            android:name="cl.json.RNShareFileProvider"
63-->[:react-native-share] AndroidManifest.xml:9:13-55
64            android:authorities="com.memestar.rnshare.fileprovider"
64-->[:react-native-share] AndroidManifest.xml:10:13-72
65            android:exported="false"
65-->[:react-native-share] AndroidManifest.xml:11:13-37
66            android:grantUriPermissions="true" >
66-->[:react-native-share] AndroidManifest.xml:12:13-47
67            <meta-data
67-->[:react-native-image-picker] AndroidManifest.xml:13:13-15:70
68                android:name="android.support.FILE_PROVIDER_PATHS"
68-->[:react-native-image-picker] AndroidManifest.xml:14:17-67
69                android:resource="@xml/share_download_paths" />
69-->[:react-native-image-picker] AndroidManifest.xml:15:17-67
70        </provider>
71
72        <activity
72-->[com.facebook.react:react-android:0.73.1] AndroidManifest.xml:19:9-21:40
73            android:name="com.facebook.react.devsupport.DevSettingsActivity"
73-->[com.facebook.react:react-android:0.73.1] AndroidManifest.xml:20:13-77
74            android:exported="false" />
74-->[com.facebook.react:react-android:0.73.1] AndroidManifest.xml:21:13-37
75
76        <provider
76-->[androidx.emoji2:emoji2:1.2.0] AndroidManifest.xml:24:9-32:20
77            android:name="androidx.startup.InitializationProvider"
77-->[androidx.emoji2:emoji2:1.2.0] AndroidManifest.xml:25:13-67
78            android:authorities="com.memestar.androidx-startup"
78-->[androidx.emoji2:emoji2:1.2.0] AndroidManifest.xml:26:13-68
79            android:exported="false" >
79-->[androidx.emoji2:emoji2:1.2.0] AndroidManifest.xml:27:13-37
80            <meta-data
80-->[androidx.emoji2:emoji2:1.2.0] AndroidManifest.xml:29:13-31:52
81                android:name="androidx.emoji2.text.EmojiCompatInitializer"
81-->[androidx.emoji2:emoji2:1.2.0] AndroidManifest.xml:30:17-75
82                android:value="androidx.startup" />
82-->[androidx.emoji2:emoji2:1.2.0] AndroidManifest.xml:31:17-49
83            <meta-data
83-->[androidx.lifecycle:lifecycle-process:2.4.1] AndroidManifest.xml:31:13-33:52
84                android:name="androidx.lifecycle.ProcessLifecycleInitializer"
84-->[androidx.lifecycle:lifecycle-process:2.4.1] AndroidManifest.xml:32:17-78
85                android:value="androidx.startup" />
85-->[androidx.lifecycle:lifecycle-process:2.4.1] AndroidManifest.xml:33:17-49
86        </provider>
87
88        <meta-data
88-->[com.facebook.soloader:soloader:0.10.5] AndroidManifest.xml:12:9-14:37
89            android:name="com.facebook.soloader.enabled"
89-->[com.facebook.soloader:soloader:0.10.5] AndroidManifest.xml:13:13-57
90            android:value="false" />
90-->[com.facebook.soloader:soloader:0.10.5] AndroidManifest.xml:14:13-34
91    </application>
92
93</manifest>